# JRE version: OpenJDK Runtime Environment Temurin-21.0.9+10 (21.0.9+10) (build 21.0.9+10-LTS)
# Java VM: OpenJDK 64-Bit Server VM Temurin-21.0.9+10 (21.0.9+10-LTS, mixed mode, sharing, tiered, compressed oops, compressed class ptrs, parallel gc, windows-amd64)
GC Precious Log:
 CardTable entry size: 512
 CPUs: 16 total, 16 available
 Memory: 7829M
 Large Page Support: Disabled
 NUMA Support: Disabled
 Compressed Oops: Enabled (32-bit)
 Alignments: Space 512K, Generation 512K, Heap 2M
 Heap Min Capacity: 100M
 Heap Initial Capacity: 100M
 Heap Max Capacity: 2G
 Pre-touch: Disabled
 Parallel Workers: 13
Heap:
 PSYoungGen      total 6656K, used 5844K [0x00000000d5580000, 0x00000000d6700000, 0x0000000100000000)
  eden space 5632K, 85% used [0x00000000d5580000,0x00000000d5a36888,0x00000000d5b00000)
  from space 1024K, 99% used [0x00000000d5b00000,0x00000000d5bfe8f8,0x00000000d5c00000)
  to   space 6144K, 0% used [0x00000000d6100000,0x00000000d6100000,0x00000000d6700000)
 ParOldGen       total 823808K, used 457764K [0x0000000080000000, 0x00000000b2480000, 0x00000000d5580000)
  object space 823808K, 55% used [0x0000000080000000,0x000000009bf09310,0x00000000b2480000)
 Metaspace       used 88186K, committed 90048K, reserved 1179648K
  class space    used 9134K, committed 9984K, reserved 1048576K
GC Heap History (20 events):
Event: 75.748 GC heap before
{Heap before GC invocations=1320 (full 4):
 PSYoungGen      total 4608K, used 4607K [0x00000000d5580000, 0x00000000d6100000, 0x0000000100000000)
  eden space 3584K, 99% used [0x00000000d5580000,0x00000000d58fffd8,0x00000000d5900000)
  from space 1024K, 100% used [0x00000000d5900000,0x00000000d5a00000,0x00000000d5a00000)
  to   space 3584K, 0% used [0x00000000d5d80000,0x00000000d5d80000,0x00000000d6100000)
 ParOldGen       total 823808K, used 448520K [0x0000000080000000, 0x00000000b2480000, 0x00000000d5580000)
  object space 823808K, 54% used [0x0000000080000000,0x000000009b6020d0,0x00000000b2480000)
 Metaspace       used 86804K, committed 88640K, reserved 1179648K
  class space    used 8995K, committed 9856K, reserved 1048576K
}
Event: 75.751 GC heap after
{Heap after GC invocations=1320 (full 4):
 PSYoungGen      total 8192K, used 3121K [0x00000000d5580000, 0x00000000d6100000, 0x0000000100000000)
  eden space 4608K, 0% used [0x00000000d5580000,0x00000000d5580000,0x00000000d5a00000)
  from space 3584K, 87% used [0x00000000d5d80000,0x00000000d608c740,0x00000000d6100000)
  to   space 3584K, 0% used [0x00000000d5a00000,0x00000000d5a00000,0x00000000d5d80000)
 ParOldGen       total 823808K, used 449600K [0x0000000080000000, 0x00000000b2480000, 0x00000000d5580000)
  object space 823808K, 54% used [0x0000000080000000,0x000000009b7100d0,0x00000000b2480000)
 Metaspace       used 86804K, committed 88640K, reserved 1179648K
  class space    used 8995K, committed 9856K, reserved 1048576K
}
Event: 81.417 GC heap before
{Heap before GC invocations=1321 (full 4):
 PSYoungGen      total 8192K, used 7729K [0x00000000d5580000, 0x00000000d6100000, 0x0000000100000000)
  eden space 4608K, 100% used [0x00000000d5580000,0x00000000d5a00000,0x00000000d5a00000)
  from space 3584K, 87% used [0x00000000d5d80000,0x00000000d608c740,0x00000000d6100000)
  to   space 3584K, 0% used [0x00000000d5a00000,0x00000000d5a00000,0x00000000d5d80000)
 ParOldGen       total 823808K, used 449600K [0x0000000080000000, 0x00000000b2480000, 0x00000000d5580000)
  object space 823808K, 54% used [0x0000000080000000,0x000000009b7100d0,0x00000000b2480000)
 Metaspace       used 86813K, committed 88704K, reserved 1179648K
  class space    used 8995K, committed 9856K, reserved 1048576K
}
Event: 81.450 GC heap after
{Heap after GC invocations=1321 (full 4):
 PSYoungGen      total 5120K, used 186K [0x00000000d5580000, 0x00000000d5e00000, 0x0000000100000000)
  eden space 4608K, 0% used [0x00000000d5580000,0x00000000d5580000,0x00000000d5a00000)
  from space 512K, 36% used [0x00000000d5a00000,0x00000000d5a2e900,0x00000000d5a80000)
  to   space 1536K, 0% used [0x00000000d5c80000,0x00000000d5c80000,0x00000000d5e00000)
 ParOldGen       total 823808K, used 450816K [0x0000000080000000, 0x00000000b2480000, 0x00000000d5580000)
  object space 823808K, 54% used [0x0000000080000000,0x000000009b8400d0,0x00000000b2480000)
 Metaspace       used 86813K, committed 88704K, reserved 1179648K
  class space    used 8995K, committed 9856K, reserved 1048576K
}
Event: 81.486 GC heap before
{Heap before GC invocations=1322 (full 4):
 PSYoungGen      total 5120K, used 4794K [0x00000000d5580000, 0x00000000d5e00000, 0x0000000100000000)
  eden space 4608K, 100% used [0x00000000d5580000,0x00000000d5a00000,0x00000000d5a00000)
  from space 512K, 36% used [0x00000000d5a00000,0x00000000d5a2e900,0x00000000d5a80000)
  to   space 1536K, 0% used [0x00000000d5c80000,0x00000000d5c80000,0x00000000d5e00000)
 ParOldGen       total 823808K, used 450816K [0x0000000080000000, 0x00000000b2480000, 0x00000000d5580000)
  object space 823808K, 54% used [0x0000000080000000,0x000000009b8400d0,0x00000000b2480000)
 Metaspace       used 86813K, committed 88704K, reserved 1179648K
  class space    used 8995K, committed 9856K, reserved 1048576K
}
Event: 81.490 GC heap after
{Heap after GC invocations=1322 (full 4):
 PSYoungGen      total 6656K, used 704K [0x00000000d5580000, 0x00000000d5d80000, 0x0000000100000000)
  eden space 5632K, 0% used [0x00000000d5580000,0x00000000d5580000,0x00000000d5b00000)
  from space 1024K, 68% used [0x00000000d5c80000,0x00000000d5d30000,0x00000000d5d80000)
  to   space 1024K, 0% used [0x00000000d5b80000,0x00000000d5b80000,0x00000000d5c80000)
 ParOldGen       total 823808K, used 450972K [0x0000000080000000, 0x00000000b2480000, 0x00000000d5580000)
  object space 823808K, 54% used [0x0000000080000000,0x000000009b8672d0,0x00000000b2480000)
 Metaspace       used 86813K, committed 88704K, reserved 1179648K
  class space    used 8995K, committed 9856K, reserved 1048576K
}
Event: 83.055 GC heap before
{Heap before GC invocations=1323 (full 4):
 PSYoungGen      total 6656K, used 6336K [0x00000000d5580000, 0x00000000d5d80000, 0x0000000100000000)
  eden space 5632K, 100% used [0x00000000d5580000,0x00000000d5b00000,0x00000000d5b00000)
  from space 1024K, 68% used [0x00000000d5c80000,0x00000000d5d30000,0x00000000d5d80000)
  to   space 1024K, 0% used [0x00000000d5b80000,0x00000000d5b80000,0x00000000d5c80000)
 ParOldGen       total 823808K, used 450972K [0x0000000080000000, 0x00000000b2480000, 0x00000000d5580000)
  object space 823808K, 54% used [0x0000000080000000,0x000000009b8672d0,0x00000000b2480000)
 Metaspace       used 86879K, committed 88768K, reserved 1179648K
  class space    used 8999K, committed 9856K, reserved 1048576K
}
Event: 83.058 GC heap after
{Heap after GC invocations=1323 (full 4):
 PSYoungGen      total 6656K, used 820K [0x00000000d5580000, 0x00000000d5d00000, 0x0000000100000000)
  eden space 5632K, 0% used [0x00000000d5580000,0x00000000d5580000,0x00000000d5b00000)
  from space 1024K, 80% used [0x00000000d5b80000,0x00000000d5c4d200,0x00000000d5c80000)
  to   space 512K, 0% used [0x00000000d5c80000,0x00000000d5c80000,0x00000000d5d00000)
 ParOldGen       total 823808K, used 451524K [0x0000000080000000, 0x00000000b2480000, 0x00000000d5580000)
  object space 823808K, 54% used [0x0000000080000000,0x000000009b8f1310,0x00000000b2480000)
 Metaspace       used 86879K, committed 88768K, reserved 1179648K
  class space    used 8999K, committed 9856K, reserved 1048576K
}
Event: 83.330 GC heap before
{Heap before GC invocations=1324 (full 4):
 PSYoungGen      total 6656K, used 6452K [0x00000000d5580000, 0x00000000d5d00000, 0x0000000100000000)
  eden space 5632K, 100% used [0x00000000d5580000,0x00000000d5b00000,0x00000000d5b00000)
  from space 1024K, 80% used [0x00000000d5b80000,0x00000000d5c4d200,0x00000000d5c80000)
  to   space 512K, 0% used [0x00000000d5c80000,0x00000000d5c80000,0x00000000d5d00000)
 ParOldGen       total 823808K, used 451524K [0x0000000080000000, 0x00000000b2480000, 0x00000000d5580000)
  object space 823808K, 54% used [0x0000000080000000,0x000000009b8f1310,0x00000000b2480000)
 Metaspace       used 87232K, committed 89088K, reserved 1179648K
  class space    used 9027K, committed 9856K, reserved 1048576K
}
Event: 83.333 GC heap after
{Heap after GC invocations=1324 (full 4):
 PSYoungGen      total 6144K, used 506K [0x00000000d5580000, 0x00000000d5e00000, 0x0000000100000000)
  eden space 5632K, 0% used [0x00000000d5580000,0x00000000d5580000,0x00000000d5b00000)
  from space 512K, 98% used [0x00000000d5c80000,0x00000000d5cfe900,0x00000000d5d00000)
  to   space 1536K, 0% used [0x00000000d5b00000,0x00000000d5b00000,0x00000000d5c80000)
 ParOldGen       total 823808K, used 452225K [0x0000000080000000, 0x00000000b2480000, 0x00000000d5580000)
  object space 823808K, 54% used [0x0000000080000000,0x000000009b9a0540,0x00000000b2480000)
 Metaspace       used 87232K, committed 89088K, reserved 1179648K
  class space    used 9027K, committed 9856K, reserved 1048576K
}
Event: 83.530 GC heap before
{Heap before GC invocations=1325 (full 4):
 PSYoungGen      total 6144K, used 6138K [0x00000000d5580000, 0x00000000d5e00000, 0x0000000100000000)
  eden space 5632K, 100% used [0x00000000d5580000,0x00000000d5b00000,0x00000000d5b00000)
  from space 512K, 98% used [0x00000000d5c80000,0x00000000d5cfe900,0x00000000d5d00000)
  to   space 1536K, 0% used [0x00000000d5b00000,0x00000000d5b00000,0x00000000d5c80000)
 ParOldGen       total 823808K, used 452225K [0x0000000080000000, 0x00000000b2480000, 0x00000000d5580000)
  object space 823808K, 54% used [0x0000000080000000,0x000000009b9a0540,0x00000000b2480000)
 Metaspace       used 87359K, committed 89216K, reserved 1179648K
  class space    used 9042K, committed 9856K, reserved 1048576K
}
Event: 83.532 GC heap after
{Heap after GC invocations=1325 (full 4):
 PSYoungGen      total 6656K, used 608K [0x00000000d5580000, 0x00000000d5d00000, 0x0000000100000000)
  eden space 5632K, 0% used [0x00000000d5580000,0x00000000d5580000,0x00000000d5b00000)
  from space 1024K, 59% used [0x00000000d5b00000,0x00000000d5b98000,0x00000000d5c00000)
  to   space 1024K, 0% used [0x00000000d5c00000,0x00000000d5c00000,0x00000000d5d00000)
 ParOldGen       total 823808K, used 452693K [0x0000000080000000, 0x00000000b2480000, 0x00000000d5580000)
  object space 823808K, 54% used [0x0000000080000000,0x000000009ba15750,0x00000000b2480000)
 Metaspace       used 87359K, committed 89216K, reserved 1179648K
  class space    used 9042K, committed 9856K, reserved 1048576K
}
Event: 87.995 GC heap before
{Heap before GC invocations=1326 (full 4):
 PSYoungGen      total 6656K, used 6234K [0x00000000d5580000, 0x00000000d5d00000, 0x0000000100000000)
  eden space 5632K, 99% used [0x00000000d5580000,0x00000000d5afe800,0x00000000d5b00000)
  from space 1024K, 59% used [0x00000000d5b00000,0x00000000d5b98000,0x00000000d5c00000)
  to   space 1024K, 0% used [0x00000000d5c00000,0x00000000d5c00000,0x00000000d5d00000)
 ParOldGen       total 823808K, used 452693K [0x0000000080000000, 0x00000000b2480000, 0x00000000d5580000)
  object space 823808K, 54% used [0x0000000080000000,0x000000009ba15750,0x00000000b2480000)
 Metaspace       used 87640K, committed 89536K, reserved 1179648K
  class space    used 9070K, committed 9920K, reserved 1048576K
}
Event: 87.998 GC heap after
{Heap after GC invocations=1326 (full 4):
 PSYoungGen      total 6144K, used 288K [0x00000000d5580000, 0x00000000d5c80000, 0x0000000100000000)
  eden space 5632K, 0% used [0x00000000d5580000,0x00000000d5580000,0x00000000d5b00000)
  from space 512K, 56% used [0x00000000d5c00000,0x00000000d5c48000,0x00000000d5c80000)
  to   space 512K, 0% used [0x00000000d5b80000,0x00000000d5b80000,0x00000000d5c00000)
 ParOldGen       total 823808K, used 453093K [0x0000000080000000, 0x00000000b2480000, 0x00000000d5580000)
  object space 823808K, 54% used [0x0000000080000000,0x000000009ba79790,0x00000000b2480000)
 Metaspace       used 87640K, committed 89536K, reserved 1179648K
  class space    used 9070K, committed 9920K, reserved 1048576K
}
Event: 90.165 GC heap before
{Heap before GC invocations=1327 (full 4):
 PSYoungGen      total 6144K, used 5920K [0x00000000d5580000, 0x00000000d5c80000, 0x0000000100000000)
  eden space 5632K, 100% used [0x00000000d5580000,0x00000000d5b00000,0x00000000d5b00000)
  from space 512K, 56% used [0x00000000d5c00000,0x00000000d5c48000,0x00000000d5c80000)
  to   space 512K, 0% used [0x00000000d5b80000,0x00000000d5b80000,0x00000000d5c00000)
 ParOldGen       total 823808K, used 453093K [0x0000000080000000, 0x00000000b2480000, 0x00000000d5580000)
  object space 823808K, 54% used [0x0000000080000000,0x000000009ba79790,0x00000000b2480000)
 Metaspace       used 88144K, committed 90048K, reserved 1179648K
  class space    used 9132K, committed 9984K, reserved 1048576K
}
Event: 90.167 GC heap after
{Heap after GC invocations=1327 (full 4):
 PSYoungGen      total 6144K, used 512K [0x00000000d5580000, 0x00000000d5d00000, 0x0000000100000000)
  eden space 5632K, 0% used [0x00000000d5580000,0x00000000d5580000,0x00000000d5b00000)
  from space 512K, 100% used [0x00000000d5b80000,0x00000000d5c00000,0x00000000d5c00000)
  to   space 1024K, 0% used [0x00000000d5c00000,0x00000000d5c00000,0x00000000d5d00000)
 ParOldGen       total 823808K, used 453213K [0x0000000080000000, 0x00000000b2480000, 0x00000000d5580000)
  object space 823808K, 55% used [0x0000000080000000,0x000000009ba97790,0x00000000b2480000)
 Metaspace       used 88144K, committed 90048K, reserved 1179648K
  class space    used 9132K, committed 9984K, reserved 1048576K
}
Event: 146.215 GC heap before
{Heap before GC invocations=1328 (full 4):
 PSYoungGen      total 6144K, used 5914K [0x00000000d5580000, 0x00000000d5d00000, 0x0000000100000000)
  eden space 5632K, 95% used [0x00000000d5580000,0x00000000d5ac6ad0,0x00000000d5b00000)
  from space 512K, 100% used [0x00000000d5b80000,0x00000000d5c00000,0x00000000d5c00000)
  to   space 1024K, 0% used [0x00000000d5c00000,0x00000000d5c00000,0x00000000d5d00000)
 ParOldGen       total 823808K, used 453213K [0x0000000080000000, 0x00000000b2480000, 0x00000000d5580000)
  object space 823808K, 55% used [0x0000000080000000,0x000000009ba97790,0x00000000b2480000)
 Metaspace       used 88184K, committed 90048K, reserved 1179648K
  class space    used 9133K, committed 9984K, reserved 1048576K
}
Event: 146.292 GC heap after
{Heap after GC invocations=1328 (full 4):
 PSYoungGen      total 6656K, used 760K [0x00000000d5580000, 0x00000000d5d00000, 0x0000000100000000)
  eden space 5632K, 0% used [0x00000000d5580000,0x00000000d5580000,0x00000000d5b00000)
  from space 1024K, 74% used [0x00000000d5c00000,0x00000000d5cbe290,0x00000000d5d00000)
  to   space 1024K, 0% used [0x00000000d5b00000,0x00000000d5b00000,0x00000000d5c00000)
 ParOldGen       total 823808K, used 453629K [0x0000000080000000, 0x00000000b2480000, 0x00000000d5580000)
  object space 823808K, 55% used [0x0000000080000000,0x000000009baff790,0x00000000b2480000)
 Metaspace       used 88184K, committed 90048K, reserved 1179648K
  class space    used 9133K, committed 9984K, reserved 1048576K
}
Event: 146.408 GC heap before
{Heap before GC invocations=1329 (full 4):
 PSYoungGen      total 6656K, used 6392K [0x00000000d5580000, 0x00000000d5d00000, 0x0000000100000000)
  eden space 5632K, 100% used [0x00000000d5580000,0x00000000d5b00000,0x00000000d5b00000)
  from space 1024K, 74% used [0x00000000d5c00000,0x00000000d5cbe290,0x00000000d5d00000)
  to   space 1024K, 0% used [0x00000000d5b00000,0x00000000d5b00000,0x00000000d5c00000)
 ParOldGen       total 823808K, used 453629K [0x0000000080000000, 0x00000000b2480000, 0x00000000d5580000)
  object space 823808K, 55% used [0x0000000080000000,0x000000009baff790,0x00000000b2480000)
 Metaspace       used 88184K, committed 90048K, reserved 1179648K
  class space    used 9133K, committed 9984K, reserved 1048576K
}
Event: 146.420 GC heap after
{Heap after GC invocations=1329 (full 4):
 PSYoungGen      total 6656K, used 1018K [0x00000000d5580000, 0x00000000d6700000, 0x0000000100000000)
  eden space 5632K, 0% used [0x00000000d5580000,0x00000000d5580000,0x00000000d5b00000)
  from space 1024K, 99% used [0x00000000d5b00000,0x00000000d5bfe8f8,0x00000000d5c00000)
  to   space 6144K, 0% used [0x00000000d6100000,0x00000000d6100000,0x00000000d6700000)
 ParOldGen       total 823808K, used 457764K [0x0000000080000000, 0x00000000b2480000, 0x00000000d5580000)
  object space 823808K, 55% used [0x0000000080000000,0x000000009bf09310,0x00000000b2480000)
 Metaspace       used 88184K, committed 90048K, reserved 1179648K
  class space    used 9133K, committed 9984K, reserved 1048576K
}

